2026-04-13 19:19:59.452 [main] INFO  com.campusstore.audit - AUDIT action=CREATE_USER entityType=User entityId=1 actor=null
2026-04-13 19:19:59.491 [main] INFO  com.campusstore.audit - AUDIT action=UPDATE_USER entityType=User entityId=1 actor=null
2026-04-13 19:19:59.515 [main] INFO  com.campusstore.audit - AUDIT action=ZONE_DISTANCE.SET entityType=ZoneDistance entityId=null actor=null
2026-04-13 19:19:59.529 [main] INFO  com.campusstore.audit - AUDIT action=ZONE_DISTANCE.SET entityType=ZoneDistance entityId=null actor=null
2026-04-13 19:19:59.539 [main] INFO  com.campusstore.audit - AUDIT action=CATEGORY.CREATE entityType=Category entityId=1 actor=null
2026-04-13 19:19:59.542 [main] INFO  com.campusstore.audit - AUDIT action=CATEGORY.CREATE entityType=Category entityId=2 actor=null
2026-04-13 19:39:49.314 [main] INFO  com.campusstore.audit - AUDIT action=CREATE_USER entityType=User entityId=1 actor=null
2026-04-13 19:39:49.340 [main] INFO  com.campusstore.audit - AUDIT action=UPDATE_USER entityType=User entityId=1 actor=null
2026-04-13 19:39:49.360 [main] INFO  com.campusstore.audit - AUDIT action=ZONE_DISTANCE.SET entityType=ZoneDistance entityId=null actor=null
2026-04-13 19:39:49.367 [main] INFO  com.campusstore.audit - AUDIT action=ZONE_DISTANCE.SET entityType=ZoneDistance entityId=null actor=null
2026-04-13 19:39:49.375 [main] INFO  com.campusstore.audit - AUDIT action=CATEGORY.CREATE entityType=Category entityId=1 actor=null
2026-04-13 19:39:49.379 [main] INFO  com.campusstore.audit - AUDIT action=CATEGORY.CREATE entityType=Category entityId=2 actor=null
2026-04-13 19:40:32.404 [main] INFO  com.campusstore.audit - AUDIT action=CREATE_USER entityType=User entityId=1 actor=null
2026-04-13 19:40:32.425 [main] INFO  com.campusstore.audit - AUDIT action=UPDATE_USER entityType=User entityId=1 actor=null
2026-04-13 19:40:32.448 [main] INFO  com.campusstore.audit - AUDIT action=ZONE_DISTANCE.SET entityType=ZoneDistance entityId=null actor=null
2026-04-13 19:40:32.456 [main] INFO  com.campusstore.audit - AUDIT action=ZONE_DISTANCE.SET entityType=ZoneDistance entityId=null actor=null
2026-04-13 19:40:32.464 [main] INFO  com.campusstore.audit - AUDIT action=CATEGORY.CREATE entityType=Category entityId=1 actor=null
2026-04-13 19:40:32.467 [main] INFO  com.campusstore.audit - AUDIT action=CATEGORY.CREATE entityType=Category entityId=2 actor=null
2026-04-13 19:53:55.906 [main] INFO  com.campusstore.audit - AUDIT action=CREATE_USER entityType=User entityId=1 actor=null
2026-04-13 19:53:55.922 [main] INFO  com.campusstore.audit - AUDIT action=UPDATE_USER entityType=User entityId=1 actor=null
2026-04-13 19:53:55.939 [main] INFO  com.campusstore.audit - AUDIT action=ZONE_DISTANCE.SET entityType=ZoneDistance entityId=null actor=null
2026-04-13 19:53:55.946 [main] INFO  com.campusstore.audit - AUDIT action=ZONE_DISTANCE.SET entityType=ZoneDistance entityId=null actor=null
2026-04-13 19:53:55.952 [main] INFO  com.campusstore.audit - AUDIT action=CATEGORY.CREATE entityType=Category entityId=1 actor=null
2026-04-13 19:53:55.954 [main] INFO  com.campusstore.audit - AUDIT action=CATEGORY.CREATE entityType=Category entityId=2 actor=null
2026-04-13 19:55:28.788 [main] INFO  com.campusstore.audit - AUDIT action=CREATE_REQUEST entityType=ItemRequest entityId=1 actor=1
2026-04-13 19:55:28.829 [main] INFO  com.campusstore.audit - AUDIT action=CREATE_REQUEST entityType=ItemRequest entityId=2 actor=4
2026-04-13 19:56:19.754 [main] INFO  com.campusstore.audit - AUDIT action=CREATE_REQUEST entityType=ItemRequest entityId=1 actor=1
2026-04-13 19:56:19.796 [main] INFO  com.campusstore.audit - AUDIT action=CREATE_REQUEST entityType=ItemRequest entityId=2 actor=4
2026-04-13 19:57:34.584 [main] INFO  com.campusstore.audit - AUDIT action=CREATE_REQUEST entityType=ItemRequest entityId=1 actor=1
2026-04-13 19:57:34.625 [main] INFO  com.campusstore.audit - AUDIT action=CREATE_REQUEST entityType=ItemRequest entityId=2 actor=4
2026-04-13 19:58:26.413 [main] INFO  com.campusstore.audit - AUDIT action=CREATE_REQUEST entityType=ItemRequest entityId=1 actor=1
2026-04-13 19:58:26.467 [main] INFO  com.campusstore.audit - AUDIT action=CREATE_REQUEST entityType=ItemRequest entityId=2 actor=4
2026-04-13 19:58:26.484 [main] INFO  com.campusstore.audit - AUDIT action=APPROVE_REQUEST entityType=ItemRequest entityId=2 actor=5
2026-04-13 19:58:43.740 [main] INFO  com.campusstore.audit - AUDIT action=CREATE_REQUEST entityType=ItemRequest entityId=1 actor=1
2026-04-13 19:58:43.776 [main] INFO  com.campusstore.audit - AUDIT action=CREATE_REQUEST entityType=ItemRequest entityId=2 actor=4
2026-04-13 19:58:43.790 [main] INFO  com.campusstore.audit - AUDIT action=APPROVE_REQUEST entityType=ItemRequest entityId=2 actor=5
2026-04-13 19:58:44.491 [main] INFO  com.campusstore.audit - AUDIT action=CREATE_USER entityType=User entityId=1 actor=null
2026-04-13 19:58:44.499 [main] INFO  com.campusstore.audit - AUDIT action=UPDATE_USER entityType=User entityId=1 actor=null
2026-04-13 19:58:44.520 [main] INFO  com.campusstore.audit - AUDIT action=ZONE_DISTANCE.SET entityType=ZoneDistance entityId=null actor=null
2026-04-13 19:58:44.526 [main] INFO  com.campusstore.audit - AUDIT action=ZONE_DISTANCE.SET entityType=ZoneDistance entityId=null actor=null
2026-04-13 19:58:44.534 [main] INFO  com.campusstore.audit - AUDIT action=CATEGORY.CREATE entityType=Category entityId=1 actor=null
2026-04-13 19:58:44.536 [main] INFO  com.campusstore.audit - AUDIT action=CATEGORY.CREATE entityType=Category entityId=2 actor=null
2026-04-13 20:34:01.855 [main] INFO  com.campusstore.audit - AUDIT action=CREATE_REQUEST entityType=ItemRequest entityId=1 actor=1
2026-04-13 20:34:01.904 [main] INFO  com.campusstore.audit - AUDIT action=CREATE_REQUEST entityType=ItemRequest entityId=2 actor=4
2026-04-13 20:34:01.919 [main] INFO  com.campusstore.audit - AUDIT action=APPROVE_REQUEST entityType=ItemRequest entityId=2 actor=5
2026-04-13 20:34:02.635 [main] INFO  com.campusstore.audit - AUDIT action=CREATE_USER entityType=User entityId=1 actor=null
2026-04-13 20:34:02.639 [main] INFO  com.campusstore.audit - AUDIT action=UPDATE_USER entityType=User entityId=1 actor=null
2026-04-13 20:34:02.657 [main] INFO  com.campusstore.audit - AUDIT action=ZONE_DISTANCE.SET entityType=ZoneDistance entityId=null actor=null
2026-04-13 20:34:02.664 [main] INFO  com.campusstore.audit - AUDIT action=ZONE_DISTANCE.SET entityType=ZoneDistance entityId=null actor=null
2026-04-13 20:34:02.670 [main] INFO  com.campusstore.audit - AUDIT action=CATEGORY.CREATE entityType=Category entityId=1 actor=null
2026-04-13 20:34:02.672 [main] INFO  com.campusstore.audit - AUDIT action=CATEGORY.CREATE entityType=Category entityId=2 actor=null
2026-04-13 20:35:07.231 [main] INFO  com.campusstore.audit - AUDIT action=CATEGORY.CREATE entityType=Category entityId=1 actor=null
2026-04-13 20:35:24.310 [main] INFO  com.campusstore.audit - AUDIT action=CREATE_REQUEST entityType=ItemRequest entityId=1 actor=1
2026-04-13 20:35:24.351 [main] INFO  com.campusstore.audit - AUDIT action=CREATE_REQUEST entityType=ItemRequest entityId=2 actor=4
2026-04-13 20:35:24.365 [main] INFO  com.campusstore.audit - AUDIT action=APPROVE_REQUEST entityType=ItemRequest entityId=2 actor=5
2026-04-13 20:35:24.376 [main] INFO  com.campusstore.audit - AUDIT action=CATEGORY.CREATE entityType=Category entityId=1 actor=null
2026-04-13 20:35:25.095 [main] INFO  com.campusstore.audit - AUDIT action=CREATE_USER entityType=User entityId=1 actor=null
2026-04-13 20:35:25.098 [main] INFO  com.campusstore.audit - AUDIT action=UPDATE_USER entityType=User entityId=1 actor=null
2026-04-13 20:35:25.114 [main] INFO  com.campusstore.audit - AUDIT action=ZONE_DISTANCE.SET entityType=ZoneDistance entityId=null actor=null
2026-04-13 20:35:25.119 [main] INFO  com.campusstore.audit - AUDIT action=ZONE_DISTANCE.SET entityType=ZoneDistance entityId=null actor=null
2026-04-13 20:35:25.127 [main] INFO  com.campusstore.audit - AUDIT action=CATEGORY.CREATE entityType=Category entityId=1 actor=null
2026-04-13 20:35:25.129 [main] INFO  com.campusstore.audit - AUDIT action=CATEGORY.CREATE entityType=Category entityId=2 actor=null
2026-04-13 21:09:30.429 [main] INFO  com.campusstore.audit - AUDIT action=CREATE_REQUEST entityType=ItemRequest entityId=1 actor=1
2026-04-13 21:09:30.473 [main] INFO  com.campusstore.audit - AUDIT action=CREATE_REQUEST entityType=ItemRequest entityId=2 actor=4
2026-04-13 21:09:30.488 [main] INFO  com.campusstore.audit - AUDIT action=APPROVE_REQUEST entityType=ItemRequest entityId=2 actor=5
2026-04-13 21:09:30.498 [main] INFO  com.campusstore.audit - AUDIT action=CATEGORY.CREATE entityType=Category entityId=1 actor=null
2026-04-13 21:09:31.238 [main] INFO  com.campusstore.audit - AUDIT action=CREATE_USER entityType=User entityId=1 actor=null
2026-04-13 21:09:31.241 [main] INFO  com.campusstore.audit - AUDIT action=UPDATE_USER entityType=User entityId=1 actor=null
2026-04-13 21:09:31.258 [main] INFO  com.campusstore.audit - AUDIT action=ZONE_DISTANCE.SET entityType=ZoneDistance entityId=null actor=null
2026-04-13 21:09:31.261 [main] INFO  com.campusstore.audit - AUDIT action=ZONE_DISTANCE.SET entityType=ZoneDistance entityId=null actor=null
2026-04-13 21:09:31.267 [main] INFO  com.campusstore.audit - AUDIT action=CATEGORY.CREATE entityType=Category entityId=1 actor=null
2026-04-13 21:09:31.268 [main] INFO  com.campusstore.audit - AUDIT action=CATEGORY.CREATE entityType=Category entityId=2 actor=null
2026-04-13 21:10:40.512 [main] INFO  com.campusstore.audit - AUDIT action=CREATE_REQUEST entityType=ItemRequest entityId=1 actor=1
2026-04-13 21:10:40.531 [main] INFO  com.campusstore.audit - AUDIT action=APPROVE_REQUEST entityType=ItemRequest entityId=1 actor=2
2026-04-13 21:10:40.544 [main] INFO  com.campusstore.audit - AUDIT action=START_PICKING entityType=ItemRequest entityId=1 actor=3
2026-04-13 21:10:40.551 [main] INFO  com.campusstore.audit - AUDIT action=READY_FOR_PICKUP entityType=ItemRequest entityId=1 actor=3
2026-04-13 21:10:40.555 [main] INFO  com.campusstore.audit - AUDIT action=MARK_PICKED_UP entityType=ItemRequest entityId=1 actor=3
2026-04-13 21:10:40.580 [main] INFO  com.campusstore.audit - AUDIT action=CONTACT.CREATE entityType=UserContact entityId=1 actor=4
2026-04-13 21:10:40.589 [main] INFO  com.campusstore.audit - AUDIT action=CONTACT.UPDATE entityType=UserContact entityId=1 actor=4
2026-04-13 21:10:40.592 [main] INFO  com.campusstore.audit - AUDIT action=CONTACT.DELETE entityType=UserContact entityId=1 actor=4
2026-04-13 21:11:00.838 [main] INFO  com.campusstore.audit - AUDIT action=CREATE_REQUEST entityType=ItemRequest entityId=1 actor=1
2026-04-13 21:11:00.880 [main] INFO  com.campusstore.audit - AUDIT action=CREATE_REQUEST entityType=ItemRequest entityId=2 actor=4
2026-04-13 21:11:00.893 [main] INFO  com.campusstore.audit - AUDIT action=APPROVE_REQUEST entityType=ItemRequest entityId=2 actor=5
2026-04-13 21:11:00.902 [main] INFO  com.campusstore.audit - AUDIT action=CATEGORY.CREATE entityType=Category entityId=1 actor=null
2026-04-13 21:11:01.632 [main] INFO  com.campusstore.audit - AUDIT action=CREATE_USER entityType=User entityId=1 actor=null
2026-04-13 21:11:01.634 [main] INFO  com.campusstore.audit - AUDIT action=UPDATE_USER entityType=User entityId=1 actor=null
2026-04-13 21:11:01.648 [main] INFO  com.campusstore.audit - AUDIT action=ZONE_DISTANCE.SET entityType=ZoneDistance entityId=null actor=null
2026-04-13 21:11:01.652 [main] INFO  com.campusstore.audit - AUDIT action=ZONE_DISTANCE.SET entityType=ZoneDistance entityId=null actor=null
2026-04-13 21:11:01.658 [main] INFO  com.campusstore.audit - AUDIT action=CATEGORY.CREATE entityType=Category entityId=1 actor=null
2026-04-13 21:11:01.660 [main] INFO  com.campusstore.audit - AUDIT action=CATEGORY.CREATE entityType=Category entityId=2 actor=null
2026-04-13 21:11:01.679 [main] INFO  com.campusstore.audit - AUDIT action=CREATE_REQUEST entityType=ItemRequest entityId=1 actor=2
2026-04-13 21:11:01.685 [main] INFO  com.campusstore.audit - AUDIT action=APPROVE_REQUEST entityType=ItemRequest entityId=1 actor=3
2026-04-13 21:11:01.687 [main] INFO  com.campusstore.audit - AUDIT action=START_PICKING entityType=ItemRequest entityId=1 actor=4
2026-04-13 21:11:01.692 [main] INFO  com.campusstore.audit - AUDIT action=READY_FOR_PICKUP entityType=ItemRequest entityId=1 actor=4
2026-04-13 21:11:01.695 [main] INFO  com.campusstore.audit - AUDIT action=MARK_PICKED_UP entityType=ItemRequest entityId=1 actor=4
2026-04-13 21:11:01.703 [main] INFO  com.campusstore.audit - AUDIT action=CONTACT.CREATE entityType=UserContact entityId=1 actor=5
2026-04-13 21:11:01.708 [main] INFO  com.campusstore.audit - AUDIT action=CONTACT.UPDATE entityType=UserContact entityId=1 actor=5
2026-04-13 21:11:01.714 [main] INFO  com.campusstore.audit - AUDIT action=CONTACT.DELETE entityType=UserContact entityId=1 actor=5
2026-04-13 21:50:34.589 [main] INFO  com.campusstore.audit - AUDIT action=CREATE_REQUEST entityType=ItemRequest entityId=1 actor=1
2026-04-13 21:50:34.636 [main] INFO  com.campusstore.audit - AUDIT action=CREATE_REQUEST entityType=ItemRequest entityId=2 actor=4
2026-04-13 21:50:34.652 [main] INFO  com.campusstore.audit - AUDIT action=APPROVE_REQUEST entityType=ItemRequest entityId=2 actor=5
2026-04-13 21:50:34.664 [main] INFO  com.campusstore.audit - AUDIT action=CATEGORY.CREATE entityType=Category entityId=1 actor=null
2026-04-13 21:50:35.586 [main] INFO  com.campusstore.audit - AUDIT action=CREATE_USER entityType=User entityId=1 actor=null
2026-04-13 21:50:35.588 [main] INFO  com.campusstore.audit - AUDIT action=UPDATE_USER entityType=User entityId=1 actor=null
2026-04-13 21:50:35.607 [main] INFO  com.campusstore.audit - AUDIT action=ZONE_DISTANCE.SET entityType=ZoneDistance entityId=null actor=null
2026-04-13 21:50:35.612 [main] INFO  com.campusstore.audit - AUDIT action=ZONE_DISTANCE.SET entityType=ZoneDistance entityId=null actor=null
2026-04-13 21:50:35.621 [main] INFO  com.campusstore.audit - AUDIT action=CATEGORY.CREATE entityType=Category entityId=1 actor=null
2026-04-13 21:50:35.623 [main] INFO  com.campusstore.audit - AUDIT action=CATEGORY.CREATE entityType=Category entityId=2 actor=null
2026-04-13 21:50:35.649 [main] INFO  com.campusstore.audit - AUDIT action=CREATE_REQUEST entityType=ItemRequest entityId=1 actor=2
2026-04-13 21:50:35.658 [main] INFO  com.campusstore.audit - AUDIT action=APPROVE_REQUEST entityType=ItemRequest entityId=1 actor=3
2026-04-13 21:50:35.665 [main] INFO  com.campusstore.audit - AUDIT action=START_PICKING entityType=ItemRequest entityId=1 actor=4
2026-04-13 21:50:35.674 [main] INFO  com.campusstore.audit - AUDIT action=READY_FOR_PICKUP entityType=ItemRequest entityId=1 actor=4
2026-04-13 21:50:35.679 [main] INFO  com.campusstore.audit - AUDIT action=MARK_PICKED_UP entityType=ItemRequest entityId=1 actor=4
2026-04-13 21:50:35.689 [main] INFO  com.campusstore.audit - AUDIT action=CONTACT.CREATE entityType=UserContact entityId=1 actor=5
2026-04-13 21:50:35.695 [main] INFO  com.campusstore.audit - AUDIT action=CONTACT.UPDATE entityType=UserContact entityId=1 actor=5
2026-04-13 21:50:35.700 [main] INFO  com.campusstore.audit - AUDIT action=CONTACT.DELETE entityType=UserContact entityId=1 actor=5
2026-04-13 22:09:11.210 [main] INFO  com.campusstore.audit - AUDIT action=CREATE_REQUEST entityType=ItemRequest entityId=1 actor=1
2026-04-13 22:09:11.268 [main] INFO  com.campusstore.audit - AUDIT action=CREATE_REQUEST entityType=ItemRequest entityId=2 actor=4
2026-04-13 22:09:11.287 [main] INFO  com.campusstore.audit - AUDIT action=APPROVE_REQUEST entityType=ItemRequest entityId=2 actor=5
2026-04-13 22:09:11.300 [main] INFO  com.campusstore.audit - AUDIT action=CATEGORY.CREATE entityType=Category entityId=1 actor=null
2026-04-13 22:09:12.301 [main] INFO  com.campusstore.audit - AUDIT action=CREATE_USER entityType=User entityId=1 actor=null
2026-04-13 22:09:12.304 [main] INFO  com.campusstore.audit - AUDIT action=UPDATE_USER entityType=User entityId=1 actor=null
2026-04-13 22:09:12.320 [main] INFO  com.campusstore.audit - AUDIT action=ZONE_DISTANCE.SET entityType=ZoneDistance entityId=null actor=null
2026-04-13 22:09:12.326 [main] INFO  com.campusstore.audit - AUDIT action=ZONE_DISTANCE.SET entityType=ZoneDistance entityId=null actor=null
2026-04-13 22:09:12.332 [main] INFO  com.campusstore.audit - AUDIT action=CATEGORY.CREATE entityType=Category entityId=1 actor=null
2026-04-13 22:09:12.334 [main] INFO  com.campusstore.audit - AUDIT action=CATEGORY.CREATE entityType=Category entityId=2 actor=null
2026-04-13 22:09:12.357 [main] INFO  com.campusstore.audit - AUDIT action=CREATE_REQUEST entityType=ItemRequest entityId=1 actor=2
2026-04-13 22:09:12.364 [main] INFO  com.campusstore.audit - AUDIT action=APPROVE_REQUEST entityType=ItemRequest entityId=1 actor=3
2026-04-13 22:09:12.369 [main] INFO  com.campusstore.audit - AUDIT action=START_PICKING entityType=ItemRequest entityId=1 actor=4
2026-04-13 22:09:12.375 [main] INFO  com.campusstore.audit - AUDIT action=READY_FOR_PICKUP entityType=ItemRequest entityId=1 actor=4
2026-04-13 22:09:12.379 [main] INFO  com.campusstore.audit - AUDIT action=MARK_PICKED_UP entityType=ItemRequest entityId=1 actor=4
2026-04-13 22:09:12.389 [main] INFO  com.campusstore.audit - AUDIT action=CONTACT.CREATE entityType=UserContact entityId=1 actor=5
2026-04-13 22:09:12.396 [main] INFO  com.campusstore.audit - AUDIT action=CONTACT.UPDATE entityType=UserContact entityId=1 actor=5
2026-04-13 22:09:12.401 [main] INFO  com.campusstore.audit - AUDIT action=CONTACT.DELETE entityType=UserContact entityId=1 actor=5
2026-04-13 22:10:19.878 [main] INFO  com.campusstore.audit - AUDIT action=CREATE_REQUEST entityType=ItemRequest entityId=1 actor=1
2026-04-13 22:10:19.932 [main] INFO  com.campusstore.audit - AUDIT action=CREATE_REQUEST entityType=ItemRequest entityId=2 actor=4
2026-04-13 22:10:19.955 [main] INFO  com.campusstore.audit - AUDIT action=APPROVE_REQUEST entityType=ItemRequest entityId=2 actor=5
2026-04-13 22:10:19.969 [main] INFO  com.campusstore.audit - AUDIT action=CATEGORY.CREATE entityType=Category entityId=1 actor=null
2026-04-13 22:10:20.900 [main] INFO  com.campusstore.audit - AUDIT action=CREATE_USER entityType=User entityId=1 actor=null
2026-04-13 22:10:20.904 [main] INFO  com.campusstore.audit - AUDIT action=UPDATE_USER entityType=User entityId=1 actor=null
2026-04-13 22:10:20.924 [main] INFO  com.campusstore.audit - AUDIT action=ZONE_DISTANCE.SET entityType=ZoneDistance entityId=null actor=null
2026-04-13 22:10:20.928 [main] INFO  com.campusstore.audit - AUDIT action=ZONE_DISTANCE.SET entityType=ZoneDistance entityId=null actor=null
2026-04-13 22:10:20.936 [main] INFO  com.campusstore.audit - AUDIT action=CATEGORY.CREATE entityType=Category entityId=1 actor=null
2026-04-13 22:10:20.938 [main] INFO  com.campusstore.audit - AUDIT action=CATEGORY.CREATE entityType=Category entityId=2 actor=null
2026-04-13 22:10:20.961 [main] INFO  com.campusstore.audit - AUDIT action=CREATE_REQUEST entityType=ItemRequest entityId=1 actor=2
2026-04-13 22:10:20.968 [main] INFO  com.campusstore.audit - AUDIT action=APPROVE_REQUEST entityType=ItemRequest entityId=1 actor=3
2026-04-13 22:10:20.972 [main] INFO  com.campusstore.audit - AUDIT action=START_PICKING entityType=ItemRequest entityId=1 actor=4
2026-04-13 22:10:20.979 [main] INFO  com.campusstore.audit - AUDIT action=READY_FOR_PICKUP entityType=ItemRequest entityId=1 actor=4
2026-04-13 22:10:20.983 [main] INFO  com.campusstore.audit - AUDIT action=MARK_PICKED_UP entityType=ItemRequest entityId=1 actor=4
2026-04-13 22:10:20.990 [main] INFO  com.campusstore.audit - AUDIT action=CONTACT.CREATE entityType=UserContact entityId=1 actor=5
2026-04-13 22:10:20.996 [main] INFO  com.campusstore.audit - AUDIT action=CONTACT.UPDATE entityType=UserContact entityId=1 actor=5
2026-04-13 22:10:21.002 [main] INFO  com.campusstore.audit - AUDIT action=CONTACT.DELETE entityType=UserContact entityId=1 actor=5
2026-04-13 22:12:01.380 [main] INFO  com.campusstore.audit - AUDIT action=CREATE_REQUEST entityType=ItemRequest entityId=1 actor=1
2026-04-13 22:12:01.433 [main] INFO  com.campusstore.audit - AUDIT action=CREATE_REQUEST entityType=ItemRequest entityId=2 actor=4
2026-04-13 22:12:01.450 [main] INFO  com.campusstore.audit - AUDIT action=APPROVE_REQUEST entityType=ItemRequest entityId=2 actor=5
2026-04-13 22:12:01.463 [main] INFO  com.campusstore.audit - AUDIT action=CATEGORY.CREATE entityType=Category entityId=1 actor=null
2026-04-13 22:12:02.414 [main] INFO  com.campusstore.audit - AUDIT action=CREATE_USER entityType=User entityId=1 actor=null
2026-04-13 22:12:02.416 [main] INFO  com.campusstore.audit - AUDIT action=UPDATE_USER entityType=User entityId=1 actor=null
2026-04-13 22:12:02.439 [main] INFO  com.campusstore.audit - AUDIT action=ZONE_DISTANCE.SET entityType=ZoneDistance entityId=null actor=null
2026-04-13 22:12:02.443 [main] INFO  com.campusstore.audit - AUDIT action=ZONE_DISTANCE.SET entityType=ZoneDistance entityId=null actor=null
2026-04-13 22:12:02.450 [main] INFO  com.campusstore.audit - AUDIT action=CATEGORY.CREATE entityType=Category entityId=1 actor=null
2026-04-13 22:12:02.454 [main] INFO  com.campusstore.audit - AUDIT action=CATEGORY.CREATE entityType=Category entityId=2 actor=null
2026-04-13 22:12:02.477 [main] INFO  com.campusstore.audit - AUDIT action=CREATE_REQUEST entityType=ItemRequest entityId=1 actor=2
2026-04-13 22:12:02.484 [main] INFO  com.campusstore.audit - AUDIT action=APPROVE_REQUEST entityType=ItemRequest entityId=1 actor=3
2026-04-13 22:12:02.488 [main] INFO  com.campusstore.audit - AUDIT action=START_PICKING entityType=ItemRequest entityId=1 actor=4
2026-04-13 22:12:02.494 [main] INFO  com.campusstore.audit - AUDIT action=READY_FOR_PICKUP entityType=ItemRequest entityId=1 actor=4
2026-04-13 22:12:02.498 [main] INFO  com.campusstore.audit - AUDIT action=MARK_PICKED_UP entityType=ItemRequest entityId=1 actor=4
2026-04-13 22:12:02.509 [main] INFO  com.campusstore.audit - AUDIT action=CONTACT.CREATE entityType=UserContact entityId=1 actor=5
2026-04-13 22:12:02.516 [main] INFO  com.campusstore.audit - AUDIT action=CONTACT.UPDATE entityType=UserContact entityId=1 actor=5
2026-04-13 22:12:02.520 [main] INFO  com.campusstore.audit - AUDIT action=CONTACT.DELETE entityType=UserContact entityId=1 actor=5
2026-04-13 22:12:22.922 [main] INFO  com.campusstore.audit - AUDIT action=CREATE_REQUEST entityType=ItemRequest entityId=1 actor=1
2026-04-13 22:12:22.977 [main] INFO  com.campusstore.audit - AUDIT action=CREATE_REQUEST entityType=ItemRequest entityId=2 actor=4
2026-04-13 22:12:22.992 [main] INFO  com.campusstore.audit - AUDIT action=APPROVE_REQUEST entityType=ItemRequest entityId=2 actor=5
2026-04-13 22:12:23.005 [main] INFO  com.campusstore.audit - AUDIT action=CATEGORY.CREATE entityType=Category entityId=1 actor=null
2026-04-13 22:12:23.942 [main] INFO  com.campusstore.audit - AUDIT action=CREATE_USER entityType=User entityId=1 actor=null
2026-04-13 22:12:23.944 [main] INFO  com.campusstore.audit - AUDIT action=UPDATE_USER entityType=User entityId=1 actor=null
2026-04-13 22:12:23.963 [main] INFO  com.campusstore.audit - AUDIT action=ZONE_DISTANCE.SET entityType=ZoneDistance entityId=null actor=null
2026-04-13 22:12:23.968 [main] INFO  com.campusstore.audit - AUDIT action=ZONE_DISTANCE.SET entityType=ZoneDistance entityId=null actor=null
2026-04-13 22:12:23.975 [main] INFO  com.campusstore.audit - AUDIT action=CATEGORY.CREATE entityType=Category entityId=1 actor=null
2026-04-13 22:12:23.977 [main] INFO  com.campusstore.audit - AUDIT action=CATEGORY.CREATE entityType=Category entityId=2 actor=null
2026-04-13 22:12:23.998 [main] INFO  com.campusstore.audit - AUDIT action=CREATE_REQUEST entityType=ItemRequest entityId=1 actor=2
2026-04-13 22:12:24.004 [main] INFO  com.campusstore.audit - AUDIT action=APPROVE_REQUEST entityType=ItemRequest entityId=1 actor=3
2026-04-13 22:12:24.008 [main] INFO  com.campusstore.audit - AUDIT action=START_PICKING entityType=ItemRequest entityId=1 actor=4
2026-04-13 22:12:24.012 [main] INFO  com.campusstore.audit - AUDIT action=READY_FOR_PICKUP entityType=ItemRequest entityId=1 actor=4
2026-04-13 22:12:24.017 [main] INFO  com.campusstore.audit - AUDIT action=MARK_PICKED_UP entityType=ItemRequest entityId=1 actor=4
2026-04-13 22:12:24.025 [main] INFO  com.campusstore.audit - AUDIT action=CONTACT.CREATE entityType=UserContact entityId=1 actor=5
2026-04-13 22:12:24.029 [main] INFO  com.campusstore.audit - AUDIT action=CONTACT.UPDATE entityType=UserContact entityId=1 actor=5
2026-04-13 22:12:24.034 [main] INFO  com.campusstore.audit - AUDIT action=CONTACT.DELETE entityType=UserContact entityId=1 actor=5
2026-04-13 23:30:29.391 [main] INFO  com.campusstore.audit - AUDIT action=CREATE_REQUEST entityType=ItemRequest entityId=1 actor=1
2026-04-13 23:30:29.446 [main] INFO  com.campusstore.audit - AUDIT action=CREATE_REQUEST entityType=ItemRequest entityId=2 actor=4
2026-04-13 23:30:29.466 [main] INFO  com.campusstore.audit - AUDIT action=APPROVE_REQUEST entityType=ItemRequest entityId=2 actor=5
2026-04-13 23:30:29.480 [main] INFO  com.campusstore.audit - AUDIT action=CATEGORY.CREATE entityType=Category entityId=1 actor=null
2026-04-13 23:30:30.450 [main] INFO  com.campusstore.audit - AUDIT action=CREATE_USER entityType=User entityId=1 actor=null
2026-04-13 23:30:30.452 [main] INFO  com.campusstore.audit - AUDIT action=UPDATE_USER entityType=User entityId=1 actor=null
2026-04-13 23:30:30.470 [main] INFO  com.campusstore.audit - AUDIT action=ZONE_DISTANCE.SET entityType=ZoneDistance entityId=null actor=null
2026-04-13 23:30:30.474 [main] INFO  com.campusstore.audit - AUDIT action=ZONE_DISTANCE.SET entityType=ZoneDistance entityId=null actor=null
2026-04-13 23:30:30.481 [main] INFO  com.campusstore.audit - AUDIT action=CATEGORY.CREATE entityType=Category entityId=1 actor=null
2026-04-13 23:30:30.483 [main] INFO  com.campusstore.audit - AUDIT action=CATEGORY.CREATE entityType=Category entityId=2 actor=null
2026-04-13 23:30:30.504 [main] INFO  com.campusstore.audit - AUDIT action=CREATE_REQUEST entityType=ItemRequest entityId=1 actor=2
2026-04-13 23:30:30.509 [main] INFO  com.campusstore.audit - AUDIT action=APPROVE_REQUEST entityType=ItemRequest entityId=1 actor=3
2026-04-13 23:30:30.513 [main] INFO  com.campusstore.audit - AUDIT action=START_PICKING entityType=ItemRequest entityId=1 actor=4
2026-04-13 23:30:30.518 [main] INFO  com.campusstore.audit - AUDIT action=READY_FOR_PICKUP entityType=ItemRequest entityId=1 actor=4
2026-04-13 23:30:30.522 [main] INFO  com.campusstore.audit - AUDIT action=MARK_PICKED_UP entityType=ItemRequest entityId=1 actor=4
2026-04-13 23:30:30.531 [main] INFO  com.campusstore.audit - AUDIT action=CONTACT.CREATE entityType=UserContact entityId=1 actor=5
2026-04-13 23:30:30.536 [main] INFO  com.campusstore.audit - AUDIT action=CONTACT.UPDATE entityType=UserContact entityId=1 actor=5
2026-04-13 23:30:30.541 [main] INFO  com.campusstore.audit - AUDIT action=CONTACT.DELETE entityType=UserContact entityId=1 actor=5
2026-04-13 23:31:35.302 [main] INFO  com.campusstore.audit - AUDIT action=CREATE_REQUEST entityType=ItemRequest entityId=1 actor=1
2026-04-13 23:31:35.348 [main] INFO  com.campusstore.audit - AUDIT action=CREATE_REQUEST entityType=ItemRequest entityId=2 actor=4
2026-04-13 23:31:35.364 [main] INFO  com.campusstore.audit - AUDIT action=APPROVE_REQUEST entityType=ItemRequest entityId=2 actor=5
2026-04-13 23:31:35.376 [main] INFO  com.campusstore.audit - AUDIT action=CATEGORY.CREATE entityType=Category entityId=1 actor=null
2026-04-13 23:31:36.274 [main] INFO  com.campusstore.audit - AUDIT action=CREATE_USER entityType=User entityId=1 actor=null
2026-04-13 23:31:36.277 [main] INFO  com.campusstore.audit - AUDIT action=UPDATE_USER entityType=User entityId=1 actor=null
2026-04-13 23:31:36.296 [main] INFO  com.campusstore.audit - AUDIT action=ZONE_DISTANCE.SET entityType=ZoneDistance entityId=null actor=null
2026-04-13 23:31:36.301 [main] INFO  com.campusstore.audit - AUDIT action=ZONE_DISTANCE.SET entityType=ZoneDistance entityId=null actor=null
2026-04-13 23:31:36.308 [main] INFO  com.campusstore.audit - AUDIT action=CATEGORY.CREATE entityType=Category entityId=1 actor=null
2026-04-13 23:31:36.309 [main] INFO  com.campusstore.audit - AUDIT action=CATEGORY.CREATE entityType=Category entityId=2 actor=null
2026-04-13 23:31:36.328 [main] INFO  com.campusstore.audit - AUDIT action=CREATE_REQUEST entityType=ItemRequest entityId=1 actor=2
2026-04-13 23:31:36.335 [main] INFO  com.campusstore.audit - AUDIT action=APPROVE_REQUEST entityType=ItemRequest entityId=1 actor=3
2026-04-13 23:31:36.340 [main] INFO  com.campusstore.audit - AUDIT action=START_PICKING entityType=ItemRequest entityId=1 actor=4
2026-04-13 23:31:36.345 [main] INFO  com.campusstore.audit - AUDIT action=READY_FOR_PICKUP entityType=ItemRequest entityId=1 actor=4
2026-04-13 23:31:36.350 [main] INFO  com.campusstore.audit - AUDIT action=MARK_PICKED_UP entityType=ItemRequest entityId=1 actor=4
2026-04-13 23:31:36.358 [main] INFO  com.campusstore.audit - AUDIT action=CONTACT.CREATE entityType=UserContact entityId=1 actor=5
2026-04-13 23:31:36.364 [main] INFO  com.campusstore.audit - AUDIT action=CONTACT.UPDATE entityType=UserContact entityId=1 actor=5
2026-04-13 23:31:36.369 [main] INFO  com.campusstore.audit - AUDIT action=CONTACT.DELETE entityType=UserContact entityId=1 actor=5
2026-04-13 23:32:12.738 [main] INFO  com.campusstore.audit - AUDIT action=CREATE_REQUEST entityType=ItemRequest entityId=1 actor=1
2026-04-13 23:32:12.792 [main] INFO  com.campusstore.audit - AUDIT action=CREATE_REQUEST entityType=ItemRequest entityId=2 actor=4
2026-04-13 23:32:12.809 [main] INFO  com.campusstore.audit - AUDIT action=APPROVE_REQUEST entityType=ItemRequest entityId=2 actor=5
2026-04-13 23:32:12.823 [main] INFO  com.campusstore.audit - AUDIT action=CATEGORY.CREATE entityType=Category entityId=1 actor=null
2026-04-13 23:32:13.752 [main] INFO  com.campusstore.audit - AUDIT action=CREATE_USER entityType=User entityId=1 actor=null
2026-04-13 23:32:13.754 [main] INFO  com.campusstore.audit - AUDIT action=UPDATE_USER entityType=User entityId=1 actor=null
2026-04-13 23:32:13.773 [main] INFO  com.campusstore.audit - AUDIT action=ZONE_DISTANCE.SET entityType=ZoneDistance entityId=null actor=null
2026-04-13 23:32:13.778 [main] INFO  com.campusstore.audit - AUDIT action=ZONE_DISTANCE.SET entityType=ZoneDistance entityId=null actor=null
2026-04-13 23:32:13.785 [main] INFO  com.campusstore.audit - AUDIT action=CATEGORY.CREATE entityType=Category entityId=1 actor=null
2026-04-13 23:32:13.787 [main] INFO  com.campusstore.audit - AUDIT action=CATEGORY.CREATE entityType=Category entityId=2 actor=null
2026-04-13 23:32:13.808 [main] INFO  com.campusstore.audit - AUDIT action=CREATE_REQUEST entityType=ItemRequest entityId=1 actor=2
2026-04-13 23:32:13.814 [main] INFO  com.campusstore.audit - AUDIT action=APPROVE_REQUEST entityType=ItemRequest entityId=1 actor=3
2026-04-13 23:32:13.817 [main] INFO  com.campusstore.audit - AUDIT action=START_PICKING entityType=ItemRequest entityId=1 actor=4
2026-04-13 23:32:13.822 [main] INFO  com.campusstore.audit - AUDIT action=READY_FOR_PICKUP entityType=ItemRequest entityId=1 actor=4
2026-04-13 23:32:13.826 [main] INFO  com.campusstore.audit - AUDIT action=MARK_PICKED_UP entityType=ItemRequest entityId=1 actor=4
2026-04-13 23:32:13.833 [main] INFO  com.campusstore.audit - AUDIT action=CONTACT.CREATE entityType=UserContact entityId=1 actor=5
2026-04-13 23:32:13.838 [main] INFO  com.campusstore.audit - AUDIT action=CONTACT.UPDATE entityType=UserContact entityId=1 actor=5
2026-04-13 23:32:13.843 [main] INFO  com.campusstore.audit - AUDIT action=CONTACT.DELETE entityType=UserContact entityId=1 actor=5
